<?xml version="1.0" encoding="UTF-8"?>
<!-- Generated by org.testng.reporters.JUnitReportReporter -->
<testsuite hostname="DESKTOP-O64HKFI" failures="0" tests="1" name="ReportsUsingExtentReports.Ext_Reports" time="0.941" errors="0" timestamp="2023-06-27T20:59:13 IST" skipped="0">
  <testcase classname="ReportsUsingExtentReports.Ext_Reports" name="test1" time="0.941"/>
  <system-out/>
</testsuite> <!-- ReportsUsingExtentReports.Ext_Reports -->
