<?xml version="1.0" encoding="UTF-8"?>
<!-- Generated by org.testng.reporters.JUnitReportReporter -->
<testsuite hostname="DESKTOP-O64HKFI" failures="0" tests="2" name="Parallel_Genreral.Chrome_Firefox" time="39.998" errors="0" timestamp="2023-06-25T11:37:22 IST" skipped="0">
  <testcase classname="Parallel_Genreral.Chrome_Firefox" name="paralle" time="9.619"/>
  <system-out/>
  <testcase classname="Parallel_Genreral.Chrome_Firefox" name="paralle" time="30.379"/>
  <system-out/>
</testsuite> <!-- Parallel_Genreral.Chrome_Firefox -->
