<?xml version="1.0" encoding="UTF-8"?>
<!-- Generated by org.testng.reporters.JUnitReportReporter -->
<testsuite hostname="DESKTOP-O64HKFI" failures="0" tests="1" name="typesoftesting.SmokeTestig" time="0.002" errors="0" timestamp="2023-06-25T11:47:46 IST" skipped="0">
  <testcase classname="typesoftesting.SmokeTestig" name="Smoke" time="0.002"/>
  <system-out/>
</testsuite> <!-- typesoftesting.SmokeTestig -->
