<?xml version="1.0" encoding="UTF-8"?>
<!-- Generated by org.testng.reporters.JUnitReportReporter -->
<testsuite hostname="DESKTOP-O64HKFI" failures="0" tests="1" name="practice.Test_validation" time="6.515" errors="0" timestamp="2023-07-02T22:33:11 IST" skipped="0">
  <testcase classname="practice.Test_validation" name="validate" time="6.515"/>
  <system-out/>
</testsuite> <!-- practice.Test_validation -->
