<?xml version="1.0" encoding="UTF-8"?>
<!-- Generated by org.testng.reporters.JUnitReportReporter -->
<testsuite hostname="DESKTOP-O64HKFI" failures="0" tests="3" name="DataProvide.FormsFill_using_data_provider" time="20.362" errors="0" timestamp="2023-07-01T14:00:49 IST" skipped="0">
  <testcase classname="DataProvide.FormsFill_using_data_provider" name="fill" time="6.222"/>
  <system-out/>
  <testcase classname="DataProvide.FormsFill_using_data_provider" name="fill" time="6.744"/>
  <system-out/>
  <testcase classname="DataProvide.FormsFill_using_data_provider" name="fill" time="7.396"/>
  <system-out/>
</testsuite> <!-- DataProvide.FormsFill_using_data_provider -->
