<?xml version="1.0" encoding="UTF-8"?>
<!-- Generated by org.testng.reporters.JUnitReportReporter -->
<testsuite hostname="DESKTOP-O64HKFI" failures="0" tests="1" name="practice.Selecttry" time="7.553" errors="0" timestamp="2023-07-04T17:00:27 IST" skipped="0">
  <testcase classname="practice.Selecttry" name="selectby" time="7.553"/>
  <system-out/>
</testsuite> <!-- practice.Selecttry -->
