<?xml version="1.0" encoding="UTF-8"?>
<!-- Generated by org.testng.reporters.JUnitReportReporter -->
<testsuite hostname="DESKTOP-O64HKFI" failures="0" tests="1" name="log4j4.Createreport" time="0.052" errors="0" timestamp="2023-06-27T21:15:04 IST" skipped="0">
  <testcase classname="log4j4.Createreport" name="test2" time="0.052"/>
  <system-out/>
</testsuite> <!-- log4j4.Createreport -->
