<?xml version="1.0" encoding="UTF-8"?>
<!-- Generated by org.testng.reporters.JUnitReportReporter -->
<testsuite hostname="DESKTOP-O64HKFI" failures="0" tests="6" name="typesoftesting.Wibteboxtesting" time="0.027" errors="0" timestamp="2023-06-25T11:47:46 IST" skipped="0">
  <testcase classname="typesoftesting.Wibteboxtesting" name="pathTesting" time="0.002"/>
  <system-out/>
  <testcase classname="typesoftesting.Wibteboxtesting" name="conditional" time="0.003"/>
  <system-out/>
  <testcase classname="typesoftesting.Wibteboxtesting" name="Performance" time="0.016"/>
  <system-out/>
  <testcase classname="typesoftesting.Wibteboxtesting" name="Testing_from_memory_point_veiw" time="0.002"/>
  <system-out/>
  <testcase classname="typesoftesting.Wibteboxtesting" name="UnitTesting" time="0.002"/>
  <system-out/>
  <testcase classname="typesoftesting.Wibteboxtesting" name="loopTesting" time="0.002"/>
  <system-out/>
</testsuite> <!-- typesoftesting.Wibteboxtesting -->
