<?xml version="1.0" encoding="UTF-8"?>
<!-- Generated by org.testng.reporters.JUnitReportReporter -->
<testsuite hostname="DESKTOP-O64HKFI" failures="0" tests="1" name="Properties2.Prop1" time="0.022" errors="0" timestamp="2023-07-03T01:05:42 IST" skipped="0">
  <testcase classname="Properties2.Prop1" name="test" time="0.022"/>
  <system-out/>
</testsuite> <!-- Properties2.Prop1 -->
