<?xml version="1.0" encoding="UTF-8"?>
<!-- Generated by org.testng.reporters.JUnitReportReporter -->
<testsuite hostname="DESKTOP-O64HKFI" failures="0" tests="3" name="typesoftesting.Functional" time="0.009" errors="0" timestamp="2023-06-25T11:47:46 IST" skipped="0">
  <testcase classname="typesoftesting.Functional" name="overTesting" time="0.004"/>
  <system-out/>
  <testcase classname="typesoftesting.Functional" name="underTesting" time="0.002"/>
  <system-out/>
  <testcase classname="typesoftesting.Functional" name="optimaisingtesting" time="0.003"/>
  <system-out/>
</testsuite> <!-- typesoftesting.Functional -->
