<?xml version="1.0" encoding="UTF-8"?>
<!-- Generated by org.testng.reporters.JUnitReportReporter -->
<testsuite hostname="DESKTOP-O64HKFI" failures="0" tests="1" name="typesoftesting.Systemtesting" time="0.002" errors="0" timestamp="2023-06-24T21:45:45 IST" skipped="0">
  <testcase classname="typesoftesting.Systemtesting" name="Systemtest" time="0.002"/>
  <system-out/>
</testsuite> <!-- typesoftesting.Systemtesting -->
