<?xml version="1.0" encoding="UTF-8"?>
<!-- Generated by org.testng.reporters.JUnitReportReporter -->
<testsuite hostname="DESKTOP-O64HKFI" failures="0" tests="1" name="pomtestng.Runner" time="15.855" errors="0" timestamp="2023-06-25T11:42:19 IST" skipped="0">
  <testcase classname="pomtestng.Runner" name="test1" time="15.855"/>
  <system-out/>
</testsuite> <!-- pomtestng.Runner -->
