<?xml version="1.0" encoding="UTF-8"?>
<!-- Generated by org.testng.reporters.JUnitReportReporter -->
<testsuite hostname="DESKTOP-O64HKFI" failures="0" tests="1" name="newpackage.WriteMultipleDatasame" time="1.647" errors="0" timestamp="2023-06-28T21:24:01 IST" skipped="0">
  <testcase classname="newpackage.WriteMultipleDatasame" name="WritedataExcel" time="1.647"/>
  <system-out/>
</testsuite> <!-- newpackage.WriteMultipleDatasame -->
