<?xml version="1.0" encoding="UTF-8"?>
<!-- Generated by org.testng.reporters.JUnitReportReporter -->
<testsuite hostname="DESKTOP-O64HKFI" failures="0" tests="1" name="MerchantCreation.CreateMerchant" time="12.824" errors="0" timestamp="2023-06-24T21:07:32 IST" skipped="0">
  <testcase classname="MerchantCreation.CreateMerchant" name="Create" time="12.824"/>
  <system-out/>
</testsuite> <!-- MerchantCreation.CreateMerchant -->
