<?xml version="1.0" encoding="UTF-8"?>
<!-- Generated by org.testng.reporters.JUnitReportReporter -->
<testsuite hostname="DESKTOP-O64HKFI" failures="0" tests="1" name="newpackage.TestWrite" time="3.387" errors="0" timestamp="2023-07-01T13:20:38 IST" skipped="0">
  <testcase classname="newpackage.TestWrite" name="test1" time="3.387"/>
  <system-out/>
</testsuite> <!-- newpackage.TestWrite -->
