<?xml version="1.0" encoding="UTF-8"?>
<!-- Generated by org.testng.reporters.JUnitReportReporter -->
<testsuite hostname="DESKTOP-O64HKFI" failures="0" tests="3" name="typesoftesting.Integration" time="0.006" errors="0" timestamp="2023-06-25T11:47:46 IST" skipped="0">
  <testcase classname="typesoftesting.Integration" name="Integration1" time="0.003"/>
  <system-out/>
  <testcase classname="typesoftesting.Integration" name="Incrementation" time="0.001"/>
  <system-out/>
  <testcase classname="typesoftesting.Integration" name="NonIncrementation" time="0.002"/>
  <system-out/>
</testsuite> <!-- typesoftesting.Integration -->
