<?xml version="1.0" encoding="UTF-8"?>
<!-- Generated by org.testng.reporters.JUnitReportReporter -->
<testsuite hostname="DESKTOP-O64HKFI" failures="0" tests="1" name="Signup.Creating_user" time="15.538" errors="0" timestamp="2023-07-01T16:50:37 IST" skipped="0">
  <testcase classname="Signup.Creating_user" name="Create" time="15.538"/>
  <system-out/>
</testsuite> <!-- Signup.Creating_user -->
