<?xml version="1.0" encoding="UTF-8"?>
<!-- Generated by org.testng.reporters.JUnitReportReporter -->
<testsuite hostname="DESKTOP-O64HKFI" failures="0" tests="1" name="Test1.First" time="2.634" errors="0" timestamp="2023-07-03T02:46:01 IST" skipped="0">
  <testcase classname="Test1.First" name="Test1" time="2.634"/>
  <system-out/>
</testsuite> <!-- Test1.First -->
